<?xml version="1.0" encoding="UTF-8"?>
<!-- Generated by org.testng.reporters.JUnitReportReporter -->
<testsuite hostname="Naved360" name="com.NateraDemo.scripts.InvalidLogin" tests="1" failures="0" timestamp="15 Jun 2017 09:12:10 GMT" time="21.745" errors="0">
  <testcase name="invalidLogin" time="21.745" classname="com.NateraDemo.scripts.InvalidLogin"/>
</testsuite> <!-- com.NateraDemo.scripts.InvalidLogin -->
