<?xml version="1.0" encoding="UTF-8"?>
<!-- Generated by org.testng.reporters.JUnitReportReporter -->
<testsuite hostname="Naved360" name="com.DemoMaven.scripts.Demo" tests="1" failures="0" timestamp="7 Jun 2017 17:46:03 GMT" time="18.362" errors="0">
  <testcase name="demo3" time="18.362" classname="com.DemoMaven.scripts.Demo"/>
</testsuite> <!-- com.DemoMaven.scripts.Demo -->
