<?xml version="1.0" encoding="UTF-8"?>
<!-- Generated by org.testng.reporters.JUnitReportReporter -->
<testsuite hostname="Naved360" name="com.NateraDemo.scripts.SendMessage" tests="2" failures="0" timestamp="15 Jun 2017 09:15:23 GMT" time="88.741" errors="0">
  <testcase name="sendMessage" time="44.333" classname="com.NateraDemo.scripts.SendMessage"/>
  <testcase name="sendMessage" time="44.408" classname="com.NateraDemo.scripts.SendMessage"/>
</testsuite> <!-- com.NateraDemo.scripts.SendMessage -->
