<?xml version="1.0" encoding="UTF-8"?>
<!-- Generated by org.testng.reporters.JUnitReportReporter -->
<testsuite hostname="Naved360" name="com.NateraDemo.scripts.Demo" tests="1" failures="0" timestamp="14 Jun 2017 11:50:24 GMT" time="42.931" errors="0">
  <testcase name="demo1" time="42.931" classname="com.NateraDemo.scripts.Demo"/>
</testsuite> <!-- com.NateraDemo.scripts.Demo -->
